[00:19:07] [Server thread/INFO]: Unknown or incomplete command, see below for error
[00:19:07] [Server thread/INFO]: <--[HERE]
[00:19:11] [Server thread/INFO]: Unknown or incomplete command, see below for error
[00:19:11] [Server thread/INFO]: penis<--[HERE]
[00:19:19] [Server thread/INFO]: Made ___MR_BANANA___ no longer a server operator
[00:19:30] [Server thread/INFO]: Made ___MR_BANANA___ a server operator
[00:31:54] [Server thread/INFO]: Unknown or incomplete command, see below for error
[00:31:54] [Server thread/INFO]: d<--[HERE]
[00:32:00] [Server thread/INFO]: Unknown or incomplete command, see below for error
[00:32:00] [Server thread/INFO]: info<--[HERE]
[00:32:02] [Server thread/INFO]: /advancement (grant|revoke)
[00:32:02] [Server thread/INFO]: /attribute <target> <attribute> (get|base|modifier)
[00:32:02] [Server thread/INFO]: /execute (run|if|unless|as|at|store|positioned|rotated|facing|align|anchored|in|summon|on)
[00:32:02] [Server thread/INFO]: /bossbar (add|remove|list|set|get)
[00:32:02] [Server thread/INFO]: /clear [<targets>]
[00:32:02] [Server thread/INFO]: /clone (<begin>|from)
[00:32:02] [Server thread/INFO]: /damage <target> <amount> [<damageType>]
[00:32:02] [Server thread/INFO]: /data (merge|get|remove|modify)
[00:32:02] [Server thread/INFO]: /datapack (enable|disable|list|create)
[00:32:02] [Server thread/INFO]: /debug (start|stop|function)
[00:32:02] [Server thread/INFO]: /defaultgamemode <gamemode>
[00:32:02] [Server thread/INFO]: /dialog (show|clear)
[00:32:02] [Server thread/INFO]: /difficulty [peaceful|easy|normal|hard]
[00:32:02] [Server thread/INFO]: /effect (clear|give)
[00:32:02] [Server thread/INFO]: /me <action>
[00:32:02] [Server thread/INFO]: /enchant <targets> <enchantment> [<level>]
[00:32:02] [Server thread/INFO]: /experience (add|set|query)
[00:32:02] [Server thread/INFO]: /xp -> experience
[00:32:02] [Server thread/INFO]: /fill <from> <to> <block> [outline|hollow|destroy|strict|replace|keep]
[00:32:02] [Server thread/INFO]: /fillbiome <from> <to> <biome> [replace]
[00:32:02] [Server thread/INFO]: /forceload (add|remove|query)
[00:32:02] [Server thread/INFO]: /function <name> [<arguments>|with]
[00:32:02] [Server thread/INFO]: /gamemode <gamemode> [<target>]
[00:32:02] [Server thread/INFO]: /gamerule (allowFireTicksAwayFromPlayer|announceAdvancements|blockExplosionDropDecay|commandBlockOutput|commandModificationBlockLimit|disableElytraMovementCheck|disablePlayerMovementCheck|disableRaids|doDaylightCycle|doEntityDrops|doFireTick|doImmediateRespawn|doInsomnia|doLimitedCrafting|doMobLoot|doMobSpawning|doPatrolSpawning|doTileDrops|doTraderSpawning|doVinesSpread|doWardenSpawning|doWeatherCycle|drowningDamage|enderPearlsVanishOnDeath|fallDamage|fireDamage|forgiveDeadPlayers|freezeDamage|globalSoundEvents|keepInventory|lavaSourceConversion|locatorBar|logAdminCommands|maxCommandChainLength|maxCommandForkCount|maxEntityCramming|mobExplosionDropDecay|mobGriefing|naturalRegeneration|playersNetherPortalCreativeDelay|playersNetherPortalDefaultDelay|playersSleepingPercentage|projectilesCanBreakBlocks|randomTickSpeed|reducedDebugInfo|sendCommandFeedback|showDeathMessages|snowAccumulationHeight|spawnChunkRadius|spawnRadius|spectatorsGenerateChunks|tntExplodes|tntExplosionDropDecay|universalAnger|waterSourceConversion)
[00:32:02] [Server thread/INFO]: /give <targets> <item> [<count>]
[00:32:02] [Server thread/INFO]: /help [<command>]
[00:32:02] [Server thread/INFO]: /item (replace|modify)
[00:32:02] [Server thread/INFO]: /kick <targets> [<reason>]
[00:32:02] [Server thread/INFO]: /kill [<targets>]
[00:32:02] [Server thread/INFO]: /list [uuids]
[00:32:02] [Server thread/INFO]: /locate (structure|biome|poi)
[00:32:02] [Server thread/INFO]: /loot (replace|insert|give|spawn)
[00:32:02] [Server thread/INFO]: /msg <targets> <message>
[00:32:02] [Server thread/INFO]: /tell -> msg
[00:32:02] [Server thread/INFO]: /w -> msg
[00:32:02] [Server thread/INFO]: /particle <name> [<pos>]
[00:32:02] [Server thread/INFO]: /place (feature|jigsaw|structure|template)
[00:32:02] [Server thread/INFO]: /playsound <sound> [master|music|record|weather|block|hostile|neutral|player|ambient|voice|ui]
[00:32:02] [Server thread/INFO]: /random (value|roll|reset)
[00:32:02] [Server thread/INFO]: /reload
[00:32:02] [Server thread/INFO]: /recipe (give|take)
[00:32:02] [Server thread/INFO]: /return (<value>|fail|run)
[00:32:02] [Server thread/INFO]: /ride <target> (mount|dismount)
[00:32:02] [Server thread/INFO]: /rotate <target> (<rotation>|facing)
[00:32:02] [Server thread/INFO]: /say <message>
[00:32:02] [Server thread/INFO]: /schedule (function|clear)
[00:32:02] [Server thread/INFO]: /scoreboard (objectives|players)
[00:32:02] [Server thread/INFO]: /seed
[00:32:02] [Server thread/INFO]: /version
[00:32:02] [Server thread/INFO]: /setblock <pos> <block> [destroy|keep|replace|strict]
[00:32:02] [Server thread/INFO]: /spawnpoint [<targets>]
[00:32:02] [Server thread/INFO]: /setworldspawn [<pos>]
[00:32:02] [Server thread/INFO]: /spectate [<target>]
[00:32:02] [Server thread/INFO]: /spreadplayers <center> <spreadDistance> <maxRange> (<respectTeams>|under)
[00:32:02] [Server thread/INFO]: /stopsound <targets> [*|master|music|record|weather|block|hostile|neutral|player|ambient|voice|ui]
[00:32:02] [Server thread/INFO]: /summon <entity> [<pos>]
[00:32:02] [Server thread/INFO]: /tag <targets> (add|remove|list)
[00:32:02] [Server thread/INFO]: /team (list|add|remove|empty|join|leave|modify)
[00:32:02] [Server thread/INFO]: /teammsg <message>
[00:32:02] [Server thread/INFO]: /tm -> teammsg
[00:32:02] [Server thread/INFO]: /teleport (<location>|<destination>|<targets>)
[00:32:02] [Server thread/INFO]: /tp -> teleport
[00:32:02] [Server thread/INFO]: /tellraw <targets> <message>
[00:32:02] [Server thread/INFO]: /test (run|runmultiple|runthese|runclosest|runthat|runfailed|verify|locate|resetclosest|resetthese|resetthat|clearthat|clearthese|clearall|stop|pos|create)
[00:32:02] [Server thread/INFO]: /tick (query|rate|step|sprint|unfreeze|freeze)
[00:32:02] [Server thread/INFO]: /time (set|add|query)
[00:32:02] [Server thread/INFO]: /title <targets> (clear|reset|title|subtitle|actionbar|times)
[00:32:02] [Server thread/INFO]: /trigger <objective> [add|set]
[00:32:02] [Server thread/INFO]: /waypoint (list|modify)
[00:32:02] [Server thread/INFO]: /weather (clear|rain|thunder)
[00:32:02] [Server thread/INFO]: /worldborder (add|set|center|damage|get|warning)
[00:32:02] [Server thread/INFO]: /jfr (start|stop)
[00:32:02] [Server thread/INFO]: /ban-ip <target> [<reason>]
[00:32:02] [Server thread/INFO]: /banlist [ips|players]
[00:32:02] [Server thread/INFO]: /ban <targets> [<reason>]
[00:32:02] [Server thread/INFO]: /deop <targets>
[00:32:02] [Server thread/INFO]: /op <targets>
[00:32:02] [Server thread/INFO]: /pardon <targets>
[00:32:02] [Server thread/INFO]: /pardon-ip <target>
[00:32:02] [Server thread/INFO]: /perf (start|stop)
[00:32:02] [Server thread/INFO]: /save-all [flush]
[00:32:02] [Server thread/INFO]: /save-off
[00:32:02] [Server thread/INFO]: /save-on
[00:32:02] [Server thread/INFO]: /setidletimeout <minutes>
[00:32:02] [Server thread/INFO]: /stop
[00:32:02] [Server thread/INFO]: /transfer <hostname> [<port>]
[00:32:02] [Server thread/INFO]: /whitelist (on|off|list|add|remove|reload)
[00:33:05] [Server thread/INFO]: Sirlancelot450[/127.204.150.58:40407] logged in with entity id 1618 at (1721.487500011921, 284.61950468178196, 171.74190742474653)
[00:33:05] [Server thread/INFO]: Sirlancelot450 joined the game
[00:53:50] [Server thread/INFO]: [Not Secure] [Server] oiga seño le puedo meter la poya
[00:54:03] [Server thread/INFO]: [Not Secure] <Sirlancelot450> no gracias señor de mi consiencia
[00:54:17] [Server thread/INFO]: [Not Secure] [Server] buuuuuuuu pero porque no
[00:54:42] [Server thread/INFO]: [Not Secure] <Sirlancelot450> oiga señor dios
[00:54:49] [Server thread/INFO]: [Not Secure] [Server] /say habla mortal
[00:54:54] [Server thread/INFO]: [Not Secure] <Sirlancelot450> tengo una duda que me viene persiguiendo
[00:54:56] [Server thread/INFO]: Unknown or incomplete command, see below for error
[00:54:56] [Server thread/INFO]: dike /say<--[HERE]
[00:55:00] [Server thread/INFO]: [Not Secure] <Sirlancelot450> y es que queria preguntar
[00:55:01] [Server thread/INFO]: [Not Secure] [Server] dike /say
[00:55:11] [Server thread/INFO]: [Not Secure] <Sirlancelot450> ok
[00:55:15] [Server thread/INFO]: [Not Secure] [Server] dime mortal
[00:55:20] [Server thread/INFO]: [Not Secure] <Sirlancelot450> es el mundo de minecraft plano o redondo?
[00:55:35] [Server thread/INFO]: [Not Secure] [Server] que sepa es plano
[00:55:59] [Server thread/INFO]: [Not Secure] <Sirlancelot450> pero yo defiendo la idea de que la tierra es redonda señor
[00:56:02] [Server thread/INFO]: [Not Secure] [Server] pues, hay un vacio arriba y abajo sabes, osea, q sepa el mundo de minecraf es plano
[00:56:24] [Server thread/INFO]: [Not Secure] <Sirlancelot450> pero y si es redondo extremadamente grande
[00:56:28] [Server thread/INFO]: [Not Secure] <Sirlancelot450> que paresca plano
[00:56:31] [Server thread/INFO]: [Not Secure] [Server] pero realmente yo creo que el mundo de minecraft es una dona gigante sabes
[00:56:38] [Server thread/INFO]: [Not Secure] <Sirlancelot450> X
[00:57:14] [Server thread/INFO]: [Not Secure] <Sirlancelot450> ya puedo morir en paz
[00:57:41] [Server thread/INFO]: Sirlancelot450 fell off a ladder
[00:57:46] [Server thread/INFO]: [Not Secure] [Server] ola soy el admin 2 y yo creo q el mundo de minecraft es una polla gigante
[00:58:00] [Server thread/INFO]: [Not Secure] [Server] como coño vas a morir con una ladder mortal
[00:58:21] [Server thread/INFO]: [Not Secure] <Sirlancelot450> es que si te digo te vas reir
[00:58:28] [Server thread/INFO]: [Not Secure] <Sirlancelot450> te juro que ni yo se como
[00:58:30] [Server thread/INFO]: [Not Secure] <Sirlancelot450> que mierda
[00:58:32] [Server thread/INFO]: [Not Secure] <Sirlancelot450> XD
[00:58:33] [Server thread/INFO]: [Not Secure] [Server] cuenta mortal, r
[00:58:52] [Server thread/INFO]: [Not Secure] [Server] cuenta que realmente no puedo ver nada porque estoy en la consola de github sabes
[00:58:56] [Server thread/INFO]: [Not Secure] [Server] X
[00:59:00] [Server thread/INFO]: [Not Secure] <Sirlancelot450> valet
[01:00:20] [Server thread/INFO]: [Not Secure] [Server] ballet
[01:00:32] [Server thread/INFO]: [Not Secure] <Sirlancelot450> en la torre que pusimos pa lanzarnos luego de estar en la cima decidi bajar poniendo escaleras, y pues en eso no le di al bloque, y me fui cayendo,
[01:00:42] [Server thread/INFO]: [Not Secure] <Sirlancelot450> pero
[01:00:55] [Server thread/INFO]: [Not Secure] <Sirlancelot450> me olvide que la escalera cuenta como un bloque
[01:01:01] [Server thread/INFO]: [Not Secure] <Sirlancelot450> y pues me estampe en la escalera
[01:01:04] [Server thread/INFO]: [Not Secure] <Sirlancelot450> la parte de arribita
[01:01:09] [Server thread/INFO]: [Not Secure] <Sirlancelot450> una cagada total
[01:01:45] [Server thread/INFO]: [Not Secure] [Server] XXXXXXXXXXXXXXXXXXXXXXXXXXXXXXXXXXXXXXXXXXXXXXXXXXXXXXXXXXXXXXXXXXXXXXXXXXXXXXXXX
[01:01:51] [Server thread/INFO]: [Not Secure] [Server] KJJJJJJJJJJJJJJJJ
[01:02:49] [Server thread/INFO]: [Not Secure] <Sirlancelot450> todo mal
[01:02:54] [Server thread/INFO]: [Not Secure] <Sirlancelot450> dios me abandono
[01:03:07] [Server thread/INFO]: [Not Secure] [Server] como te vas a estampar cabron
[01:03:36] [Server thread/INFO]: [Not Secure] <Sirlancelot450> es que este juego esta putamente mal hecho
[01:03:46] [Server thread/INFO]: [Not Secure] <Sirlancelot450> crei que era plana la escalera
[01:03:54] [Server thread/INFO]: [Not Secure] <Sirlancelot450> no que tenia hitbox en su parte superior
[01:05:09] [Server thread/INFO]: [Not Secure] [Server] X
